<?xml version="1.0" encoding="utf-8"?><testsuites name="pytest tests"><testsuite name="pytest" errors="0" failures="1" skipped="0" tests="15" time="37.039" timestamp="2026-04-25T22:35:54.767455+00:00" hostname="agent-env-3efa7766-5f03-49c0-910e-b4d5784ee2cb"><testcase classname="backend.tests.test_iter2.TestAuthGuard" name="test_upload_requires_auth" time="0.179" /><testcase classname="backend.tests.test_iter2.TestAuthGuard" name="test_list_exams_requires_auth" time="0.115" /><testcase classname="backend.tests.test_iter2.TestAuthGuard" name="test_pdf_requires_auth" time="0.106" /><testcase classname="backend.tests.test_iter2.TestAuthGuard" name="test_other_nutri_patient_404" time="0.403" /><testcase classname="backend.tests.test_iter2.TestExamValidation" name="test_reject_non_pdf" time="0.340" /><testcase classname="backend.tests.test_iter2.TestExamValidation" name="test_reject_unreadable_pdf" time="0.087" /><testcase classname="backend.tests.test_iter2.TestExamCRUD" name="test_upload_exam_response_shape" time="15.842" /><testcase classname="backend.tests.test_iter2.TestExamCRUD" name="test_markers_classification" time="0.000" /><testcase classname="backend.tests.test_iter2.TestExamCRUD" name="test_list_exams" time="0.065" /><testcase classname="backend.tests.test_iter2.TestExamCRUD" name="test_patch_observacoes" time="0.111" /><testcase classname="backend.tests.test_iter2.TestExamCRUD" name="test_patient_detail_includes_exams" time="0.055"><failure message="AssertionError: patient detail missing 'exams' key. Keys: ['patient', 'anamneses', 'consultations', 'evaluations', 'meal_plans', 'ai_analyses']&#10;assert 'exams' in {'ai_analyses': [], 'anamneses': [{'created_at': '2026-04-25T22:35:56.195769+00:00', 'id': '0d0537b0-2624-4712-9f5d-16683efdf908', 'paciente_id': '76fff23e-1864-4de0-9cb3-2216312761de', 'respostas': {'altura': 170, 'data_nascimento': '1992-05-10', 'objetivo': 'emagrecimento', 'peso': 78, ...}}], 'consultations': [], 'evaluations': [{'altura': 170.0, 'composicao': {'get_kcal': 2350.6, 'imc': 26.99, 'imc_classificacao': 'Sobrepeso', 'massa_gorda': 22.39, ...}, 'created_at': '2026-04-25T22:35:56.254787+00:00', 'dobras': {'coxa': 28, 'suprailiaca': 24, 'triceps': 22}, ...}], ...}">backend/tests/test_iter2.py:179: in test_patient_detail_includes_exams
    assert "exams" in body, f"patient detail missing 'exams' key. Keys: {list(body.keys())}"
E   AssertionError: patient detail missing 'exams' key. Keys: ['patient', 'anamneses', 'consultations', 'evaluations', 'meal_plans', 'ai_analyses']
E   assert 'exams' in {'ai_analyses': [], 'anamneses': [{'created_at': '2026-04-25T22:35:56.195769+00:00', 'id': '0d0537b0-2624-4712-9f5d-16683efdf908', 'paciente_id': '76fff23e-1864-4de0-9cb3-2216312761de', 'respostas': {'altura': 170, 'data_nascimento': '1992-05-10', 'objetivo': 'emagrecimento', 'peso': 78, ...}}], 'consultations': [], 'evaluations': [{'altura': 170.0, 'composicao': {'get_kcal': 2350.6, 'imc': 26.99, 'imc_classificacao': 'Sobrepeso', 'massa_gorda': 22.39, ...}, 'created_at': '2026-04-25T22:35:56.254787+00:00', 'dobras': {'coxa': 28, 'suprailiaca': 24, 'triceps': 22}, ...}], ...}</failure></testcase><testcase classname="backend.tests.test_iter2.TestExamCRUD" name="test_delete_exam" time="0.110" /><testcase classname="backend.tests.test_iter2.TestMealPlanPDF" name="test_pdf_returns_valid_pdf" time="19.046" /><testcase classname="backend.tests.test_iter2.TestMealPlanPDF" name="test_pdf_invalid_plan_id_404" time="0.075" /><testcase classname="backend.tests.test_iter2.TestMealPlanPDF" name="test_pdf_invalid_patient_id_404" time="0.056" /></testsuite></testsuites>