<?xml version="1.0" encoding="utf-8"?><testsuites name="pytest tests"><testsuite name="pytest" errors="0" failures="0" skipped="1" tests="24" time="12.784" timestamp="2026-05-17T00:38:00.026790+00:00" hostname="agent-env-caccb2bc-afda-43d6-baa4-d46958fad619"><testcase classname="backend.tests.test_iter3_agents.TestAgents" name="test_list_agents_requires_auth" time="0.162" /><testcase classname="backend.tests.test_iter3_agents.TestAgents" name="test_list_agents_ok" time="0.391" /><testcase classname="backend.tests.test_iter3_agents.TestAgents" name="test_get_agent_detail" time="0.051" /><testcase classname="backend.tests.test_iter3_agents.TestAgents" name="test_get_agent_unknown" time="0.047" /><testcase classname="backend.tests.test_iter3_agents.TestAgents" name="test_patch_agent_prompt" time="0.149" /><testcase classname="backend.tests.test_iter3_agents.TestAgents" name="test_upload_text_file" time="0.098" /><testcase classname="backend.tests.test_iter3_agents.TestAgents" name="test_upload_minimal_pdf" time="0.000"><skipped type="pytest.skip" message="No PDF writer lib installed">/app/backend/tests/test_iter3_agents.py:115: No PDF writer lib installed</skipped></testcase><testcase classname="backend.tests.test_iter3_agents.TestAgents" name="test_add_text_document" time="0.211" /><testcase classname="backend.tests.test_iter3_agents.TestAgents" name="test_add_text_document_invalid_agent" time="0.050" /><testcase classname="backend.tests.test_iter3_agents.TestAgents" name="test_delete_unknown_doc_returns_404" time="0.049" /><testcase classname="backend.tests.test_iter3_agents.TestPatientAuthFlow" name="test_signup_creates_patient_role" time="0.449" /><testcase classname="backend.tests.test_iter3_agents.TestPatientAuthFlow" name="test_signup_duplicate_email_400" time="0.170" /><testcase classname="backend.tests.test_iter3_agents.TestPatientAuthFlow" name="test_patient_me" time="0.046" /><testcase classname="backend.tests.test_iter3_agents.TestPatientAuthFlow" name="test_patient_diet_empty" time="0.049" /><testcase classname="backend.tests.test_iter3_agents.TestPatientAuthFlow" name="test_nutri_cannot_access_patient_me" time="0.053" /><testcase classname="backend.tests.test_iter3_agents.TestPatientAuthFlow" name="test_patient_cannot_access_agents" time="0.047" /><testcase classname="backend.tests.test_iter3_agents.TestConsultorio" name="test_list_patients" time="0.056" /><testcase classname="backend.tests.test_iter3_agents.TestConsultorio" name="test_consultorio_chat_unknown_patient_404" time="0.048" /><testcase classname="backend.tests.test_iter3_agents.TestConsultorio" name="test_consultorio_chat_real" time="2.839" /><testcase classname="backend.tests.test_iter3_agents.TestConsultorio" name="test_consultorio_requires_nutri" time="0.055" /><testcase classname="backend.tests.test_iter3_agents.TestPatientArea" name="test_patient_chat" time="4.523" /><testcase classname="backend.tests.test_iter3_agents.TestPatientArea" name="test_patient_chat_requires_patient" time="0.049" /><testcase classname="backend.tests.test_iter3_agents.TestPublicChatRegression" name="test_public_chat_still_works" time="3.036" /><testcase classname="backend.tests.test_iter3_agents.TestPublicChatRegression" name="test_auth_me_returns_role" time="0.050" /></testsuite></testsuites>