<?xml version="1.0" encoding="utf-8"?><testsuites name="pytest tests"><testsuite name="pytest" errors="0" failures="0" skipped="0" tests="13" time="14.533" timestamp="2026-05-17T00:59:25.883171+00:00" hostname="agent-env-caccb2bc-afda-43d6-baa4-d46958fad619"><testcase classname="backend.tests.test_iter5_nudges.TestNudgesCRUD" name="test_create_nudge_sets_next_run_at" time="0.973" /><testcase classname="backend.tests.test_iter5_nudges.TestNudgesCRUD" name="test_list_nudges_owner_only" time="0.049" /><testcase classname="backend.tests.test_iter5_nudges.TestNudgesCRUD" name="test_patch_nudge_recomputes_next_run" time="0.099" /><testcase classname="backend.tests.test_iter5_nudges.TestNudgesCRUD" name="test_patch_only_label_does_not_break_schedule" time="0.051" /><testcase classname="backend.tests.test_iter5_nudges.TestNudgesCRUD" name="test_create_nudge_invalid_hour_returns_422" time="0.046" /><testcase classname="backend.tests.test_iter5_nudges.TestNudgesCRUD" name="test_create_nudge_invalid_minute_returns_422" time="0.047" /><testcase classname="backend.tests.test_iter5_nudges.TestNudgesCRUD" name="test_patient_cannot_access_nudges_endpoint" time="0.047" /><testcase classname="backend.tests.test_iter5_nudges.TestNudgesCRUD" name="test_unauth_get_returns_401" time="0.127" /><testcase classname="backend.tests.test_iter5_nudges.TestNudgesCRUD" name="test_nonowner_nutri_returns_404" time="0.057" /><testcase classname="backend.tests.test_iter5_nudges.TestNudgeRunNow" name="test_run_now_persists_proactive_message" time="4.060" /><testcase classname="backend.tests.test_iter5_nudges.TestPatientChatKind" name="test_normal_patient_chat_no_proactive_kind" time="5.494" /><testcase classname="backend.tests.test_iter5_nudges.TestPendingNudgeMerge" name="test_pending_nudge_appears_after_signup" time="3.220" /><testcase classname="backend.tests.test_iter5_nudges.TestNudgeDelete" name="test_delete_nudge_then_404" time="0.156" /></testsuite></testsuites>