<?xml version="1.0" encoding="utf-8"?><testsuites name="pytest tests"><testsuite name="pytest" errors="21" failures="1" skipped="0" tests="35" time="8.943" timestamp="2026-05-17T00:38:17.766628+00:00" hostname="agent-env-caccb2bc-afda-43d6-baa4-d46958fad619"><testcase classname="backend.tests.backend_test.TestAuth" name="test_login_admin" time="0.138"><failure message="assert 401 == 200&#10; +  where 401 = &lt;Response [401]&gt;.status_code">E   assert 401 == 200
     +  where 401 = &lt;Response [401]&gt;.status_code</failure></testcase><testcase classname="backend.tests.backend_test.TestAuth" name="test_login_invalid" time="0.125" /><testcase classname="backend.tests.backend_test.TestAuth" name="test_me_with_cookie" time="0.142"><error message="failed on setup with &quot;AssertionError: Admin login failed: 401 {&quot;detail&quot;:&quot;Credenciais inválidas&quot;}&#10;assert 401 == 200&#10; +  where 401 = &lt;Response [401]&gt;.status_code&quot;">E   AssertionError: Admin login failed: 401 {"detail":"Credenciais inválidas"}
    assert 401 == 200
     +  where 401 = &lt;Response [401]&gt;.status_code</error></testcase><testcase classname="backend.tests.backend_test.TestAuth" name="test_me_without_cookie" time="0.112" /><testcase classname="backend.tests.backend_test.TestAuth" name="test_register_new_nutri" time="0.375" /><testcase classname="backend.tests.backend_test.TestPublicFlow" name="test_create_lead" time="0.118" /><testcase classname="backend.tests.backend_test.TestPublicFlow" name="test_get_lead_by_token" time="0.110" /><testcase classname="backend.tests.backend_test.TestPublicFlow" name="test_get_lead_invalid_token" time="0.118" /><testcase classname="backend.tests.backend_test.TestPublicFlow" name="test_submit_anamnesis_updates_status" time="0.234" /><testcase classname="backend.tests.backend_test.TestPublicFlow" name="test_chat_ai" time="6.006" /><testcase classname="backend.tests.backend_test.TestPublicFlow" name="test_slots_and_schedule" time="0.375" /><testcase classname="backend.tests.backend_test.TestCRM" name="test_dashboard" time="0.000"><error message="failed on setup with &quot;AssertionError: Admin login failed: 401 {&quot;detail&quot;:&quot;Credenciais inválidas&quot;}&#10;assert 401 == 200&#10; +  where 401 = &lt;Response [401]&gt;.status_code&quot;">E   AssertionError: Admin login failed: 401 {"detail":"Credenciais inválidas"}
    assert 401 == 200
     +  where 401 = &lt;Response [401]&gt;.status_code</error></testcase><testcase classname="backend.tests.backend_test.TestCRM" name="test_list_patients_contains_lead" time="0.000"><error message="failed on setup with &quot;AssertionError: Admin login failed: 401 {&quot;detail&quot;:&quot;Credenciais inválidas&quot;}&#10;assert 401 == 200&#10; +  where 401 = &lt;Response [401]&gt;.status_code&quot;">E   AssertionError: Admin login failed: 401 {"detail":"Credenciais inválidas"}
    assert 401 == 200
     +  where 401 = &lt;Response [401]&gt;.status_code</error></testcase><testcase classname="backend.tests.backend_test.TestCRM" name="test_get_patient_detail" time="0.000"><error message="failed on setup with &quot;AssertionError: Admin login failed: 401 {&quot;detail&quot;:&quot;Credenciais inválidas&quot;}&#10;assert 401 == 200&#10; +  where 401 = &lt;Response [401]&gt;.status_code&quot;">E   AssertionError: Admin login failed: 401 {"detail":"Credenciais inválidas"}
    assert 401 == 200
     +  where 401 = &lt;Response [401]&gt;.status_code</error></testcase><testcase classname="backend.tests.backend_test.TestCRM" name="test_create_evaluation_calculations" time="0.000"><error message="failed on setup with &quot;AssertionError: Admin login failed: 401 {&quot;detail&quot;:&quot;Credenciais inválidas&quot;}&#10;assert 401 == 200&#10; +  where 401 = &lt;Response [401]&gt;.status_code&quot;">E   AssertionError: Admin login failed: 401 {"detail":"Credenciais inválidas"}
    assert 401 == 200
     +  where 401 = &lt;Response [401]&gt;.status_code</error></testcase><testcase classname="backend.tests.backend_test.TestCRM" name="test_ai_analysis" time="0.000"><error message="failed on setup with &quot;AssertionError: Admin login failed: 401 {&quot;detail&quot;:&quot;Credenciais inválidas&quot;}&#10;assert 401 == 200&#10; +  where 401 = &lt;Response [401]&gt;.status_code&quot;">E   AssertionError: Admin login failed: 401 {"detail":"Credenciais inválidas"}
    assert 401 == 200
     +  where 401 = &lt;Response [401]&gt;.status_code</error></testcase><testcase classname="backend.tests.backend_test.TestCRM" name="test_ai_meal_plan" time="0.000"><error message="failed on setup with &quot;AssertionError: Admin login failed: 401 {&quot;detail&quot;:&quot;Credenciais inválidas&quot;}&#10;assert 401 == 200&#10; +  where 401 = &lt;Response [401]&gt;.status_code&quot;">E   AssertionError: Admin login failed: 401 {"detail":"Credenciais inválidas"}
    assert 401 == 200
     +  where 401 = &lt;Response [401]&gt;.status_code</error></testcase><testcase classname="backend.tests.backend_test.TestCRM" name="test_comparativo" time="0.000"><error message="failed on setup with &quot;AssertionError: Admin login failed: 401 {&quot;detail&quot;:&quot;Credenciais inválidas&quot;}&#10;assert 401 == 200&#10; +  where 401 = &lt;Response [401]&gt;.status_code&quot;">E   AssertionError: Admin login failed: 401 {"detail":"Credenciais inválidas"}
    assert 401 == 200
     +  where 401 = &lt;Response [401]&gt;.status_code</error></testcase><testcase classname="backend.tests.backend_test.TestCRM" name="test_agenda" time="0.000"><error message="failed on setup with &quot;AssertionError: Admin login failed: 401 {&quot;detail&quot;:&quot;Credenciais inválidas&quot;}&#10;assert 401 == 200&#10; +  where 401 = &lt;Response [401]&gt;.status_code&quot;">E   AssertionError: Admin login failed: 401 {"detail":"Credenciais inválidas"}
    assert 401 == 200
     +  where 401 = &lt;Response [401]&gt;.status_code</error></testcase><testcase classname="backend.tests.backend_test.TestCRM" name="test_logout" time="0.195" /><testcase classname="backend.tests.test_iter2.TestAuthGuard" name="test_upload_requires_auth" time="0.108" /><testcase classname="backend.tests.test_iter2.TestAuthGuard" name="test_list_exams_requires_auth" time="0.117" /><testcase classname="backend.tests.test_iter2.TestAuthGuard" name="test_pdf_requires_auth" time="0.112" /><testcase classname="backend.tests.test_iter2.TestAuthGuard" name="test_other_nutri_patient_404" time="0.105"><error message="failed on setup with &quot;AssertionError: Admin login failed: {&quot;detail&quot;:&quot;Credenciais inválidas&quot;}&#10;assert 401 == 200&#10; +  where 401 = &lt;Response [401]&gt;.status_code&quot;">E   AssertionError: Admin login failed: {"detail":"Credenciais inválidas"}
    assert 401 == 200
     +  where 401 = &lt;Response [401]&gt;.status_code</error></testcase><testcase classname="backend.tests.test_iter2.TestExamValidation" name="test_reject_non_pdf" time="0.000"><error message="failed on setup with &quot;AssertionError: Admin login failed: {&quot;detail&quot;:&quot;Credenciais inválidas&quot;}&#10;assert 401 == 200&#10; +  where 401 = &lt;Response [401]&gt;.status_code&quot;">E   AssertionError: Admin login failed: {"detail":"Credenciais inválidas"}
    assert 401 == 200
     +  where 401 = &lt;Response [401]&gt;.status_code</error></testcase><testcase classname="backend.tests.test_iter2.TestExamValidation" name="test_reject_unreadable_pdf" time="0.000"><error message="failed on setup with &quot;AssertionError: Admin login failed: {&quot;detail&quot;:&quot;Credenciais inválidas&quot;}&#10;assert 401 == 200&#10; +  where 401 = &lt;Response [401]&gt;.status_code&quot;">E   AssertionError: Admin login failed: {"detail":"Credenciais inválidas"}
    assert 401 == 200
     +  where 401 = &lt;Response [401]&gt;.status_code</error></testcase><testcase classname="backend.tests.test_iter2.TestExamCRUD" name="test_upload_exam_response_shape" time="0.000"><error message="failed on setup with &quot;AssertionError: Admin login failed: {&quot;detail&quot;:&quot;Credenciais inválidas&quot;}&#10;assert 401 == 200&#10; +  where 401 = &lt;Response [401]&gt;.status_code&quot;">E   AssertionError: Admin login failed: {"detail":"Credenciais inválidas"}
    assert 401 == 200
     +  where 401 = &lt;Response [401]&gt;.status_code</error></testcase><testcase classname="backend.tests.test_iter2.TestExamCRUD" name="test_markers_classification" time="0.001"><error message="failed on setup with &quot;AssertionError: Admin login failed: {&quot;detail&quot;:&quot;Credenciais inválidas&quot;}&#10;assert 401 == 200&#10; +  where 401 = &lt;Response [401]&gt;.status_code&quot;">E   AssertionError: Admin login failed: {"detail":"Credenciais inválidas"}
    assert 401 == 200
     +  where 401 = &lt;Response [401]&gt;.status_code</error></testcase><testcase classname="backend.tests.test_iter2.TestExamCRUD" name="test_list_exams" time="0.000"><error message="failed on setup with &quot;AssertionError: Admin login failed: {&quot;detail&quot;:&quot;Credenciais inválidas&quot;}&#10;assert 401 == 200&#10; +  where 401 = &lt;Response [401]&gt;.status_code&quot;">E   AssertionError: Admin login failed: {"detail":"Credenciais inválidas"}
    assert 401 == 200
     +  where 401 = &lt;Response [401]&gt;.status_code</error></testcase><testcase classname="backend.tests.test_iter2.TestExamCRUD" name="test_patch_observacoes" time="0.000"><error message="failed on setup with &quot;AssertionError: Admin login failed: {&quot;detail&quot;:&quot;Credenciais inválidas&quot;}&#10;assert 401 == 200&#10; +  where 401 = &lt;Response [401]&gt;.status_code&quot;">E   AssertionError: Admin login failed: {"detail":"Credenciais inválidas"}
    assert 401 == 200
     +  where 401 = &lt;Response [401]&gt;.status_code</error></testcase><testcase classname="backend.tests.test_iter2.TestExamCRUD" name="test_patient_detail_includes_exams" time="0.000"><error message="failed on setup with &quot;AssertionError: Admin login failed: {&quot;detail&quot;:&quot;Credenciais inválidas&quot;}&#10;assert 401 == 200&#10; +  where 401 = &lt;Response [401]&gt;.status_code&quot;">E   AssertionError: Admin login failed: {"detail":"Credenciais inválidas"}
    assert 401 == 200
     +  where 401 = &lt;Response [401]&gt;.status_code</error></testcase><testcase classname="backend.tests.test_iter2.TestExamCRUD" name="test_delete_exam" time="0.000"><error message="failed on setup with &quot;AssertionError: Admin login failed: {&quot;detail&quot;:&quot;Credenciais inválidas&quot;}&#10;assert 401 == 200&#10; +  where 401 = &lt;Response [401]&gt;.status_code&quot;">E   AssertionError: Admin login failed: {"detail":"Credenciais inválidas"}
    assert 401 == 200
     +  where 401 = &lt;Response [401]&gt;.status_code</error></testcase><testcase classname="backend.tests.test_iter2.TestMealPlanPDF" name="test_pdf_returns_valid_pdf" time="0.000"><error message="failed on setup with &quot;AssertionError: Admin login failed: {&quot;detail&quot;:&quot;Credenciais inválidas&quot;}&#10;assert 401 == 200&#10; +  where 401 = &lt;Response [401]&gt;.status_code&quot;">E   AssertionError: Admin login failed: {"detail":"Credenciais inválidas"}
    assert 401 == 200
     +  where 401 = &lt;Response [401]&gt;.status_code</error></testcase><testcase classname="backend.tests.test_iter2.TestMealPlanPDF" name="test_pdf_invalid_plan_id_404" time="0.000"><error message="failed on setup with &quot;AssertionError: Admin login failed: {&quot;detail&quot;:&quot;Credenciais inválidas&quot;}&#10;assert 401 == 200&#10; +  where 401 = &lt;Response [401]&gt;.status_code&quot;">E   AssertionError: Admin login failed: {"detail":"Credenciais inválidas"}
    assert 401 == 200
     +  where 401 = &lt;Response [401]&gt;.status_code</error></testcase><testcase classname="backend.tests.test_iter2.TestMealPlanPDF" name="test_pdf_invalid_patient_id_404" time="0.000"><error message="failed on setup with &quot;AssertionError: Admin login failed: {&quot;detail&quot;:&quot;Credenciais inválidas&quot;}&#10;assert 401 == 200&#10; +  where 401 = &lt;Response [401]&gt;.status_code&quot;">E   AssertionError: Admin login failed: {"detail":"Credenciais inválidas"}
    assert 401 == 200
     +  where 401 = &lt;Response [401]&gt;.status_code</error></testcase></testsuite></testsuites>