<?xml version="1.0" encoding="utf-8"?><testsuites name="pytest tests"><testsuite name="pytest" errors="0" failures="0" skipped="0" tests="20" time="50.758" timestamp="2026-04-25T22:36:37.870141+00:00" hostname="agent-env-3efa7766-5f03-49c0-910e-b4d5784ee2cb"><testcase classname="backend.tests.backend_test.TestAuth" name="test_login_admin" time="0.375" /><testcase classname="backend.tests.backend_test.TestAuth" name="test_login_invalid" time="0.363" /><testcase classname="backend.tests.backend_test.TestAuth" name="test_me_with_cookie" time="0.407" /><testcase classname="backend.tests.backend_test.TestAuth" name="test_me_without_cookie" time="0.129" /><testcase classname="backend.tests.backend_test.TestAuth" name="test_register_new_nutri" time="0.373" /><testcase classname="backend.tests.backend_test.TestPublicFlow" name="test_create_lead" time="0.111" /><testcase classname="backend.tests.backend_test.TestPublicFlow" name="test_get_lead_by_token" time="0.165" /><testcase classname="backend.tests.backend_test.TestPublicFlow" name="test_get_lead_invalid_token" time="0.100" /><testcase classname="backend.tests.backend_test.TestPublicFlow" name="test_submit_anamnesis_updates_status" time="0.204" /><testcase classname="backend.tests.backend_test.TestPublicFlow" name="test_chat_ai" time="7.105" /><testcase classname="backend.tests.backend_test.TestPublicFlow" name="test_slots_and_schedule" time="0.336" /><testcase classname="backend.tests.backend_test.TestCRM" name="test_dashboard" time="0.069" /><testcase classname="backend.tests.backend_test.TestCRM" name="test_list_patients_contains_lead" time="0.051" /><testcase classname="backend.tests.backend_test.TestCRM" name="test_get_patient_detail" time="0.053" /><testcase classname="backend.tests.backend_test.TestCRM" name="test_create_evaluation_calculations" time="0.056" /><testcase classname="backend.tests.backend_test.TestCRM" name="test_ai_analysis" time="20.169" /><testcase classname="backend.tests.backend_test.TestCRM" name="test_ai_meal_plan" time="20.007" /><testcase classname="backend.tests.backend_test.TestCRM" name="test_comparativo" time="0.075" /><testcase classname="backend.tests.backend_test.TestCRM" name="test_agenda" time="0.053" /><testcase classname="backend.tests.backend_test.TestCRM" name="test_logout" time="0.492" /></testsuite></testsuites>