<?xml version="1.0" encoding="utf-8"?><testsuites name="pytest tests"><testsuite name="pytest" errors="0" failures="1" skipped="0" tests="20" time="30.135" timestamp="2026-04-25T22:00:40.541851+00:00" hostname="agent-env-3efa7766-5f03-49c0-910e-b4d5784ee2cb"><testcase classname="backend.tests.backend_test.TestAuth" name="test_login_admin" time="0.472" /><testcase classname="backend.tests.backend_test.TestAuth" name="test_login_invalid" time="0.374" /><testcase classname="backend.tests.backend_test.TestAuth" name="test_me_with_cookie" time="0.418" /><testcase classname="backend.tests.backend_test.TestAuth" name="test_me_without_cookie" time="0.142" /><testcase classname="backend.tests.backend_test.TestAuth" name="test_register_new_nutri" time="0.415" /><testcase classname="backend.tests.backend_test.TestPublicFlow" name="test_create_lead" time="0.106" /><testcase classname="backend.tests.backend_test.TestPublicFlow" name="test_get_lead_by_token" time="0.148" /><testcase classname="backend.tests.backend_test.TestPublicFlow" name="test_get_lead_invalid_token" time="0.131" /><testcase classname="backend.tests.backend_test.TestPublicFlow" name="test_submit_anamnesis_updates_status" time="0.217" /><testcase classname="backend.tests.backend_test.TestPublicFlow" name="test_chat_ai" time="4.388" /><testcase classname="backend.tests.backend_test.TestPublicFlow" name="test_slots_and_schedule" time="0.328" /><testcase classname="backend.tests.backend_test.TestCRM" name="test_dashboard" time="0.054" /><testcase classname="backend.tests.backend_test.TestCRM" name="test_list_patients_contains_lead" time="0.054" /><testcase classname="backend.tests.backend_test.TestCRM" name="test_get_patient_detail" time="0.054" /><testcase classname="backend.tests.backend_test.TestCRM" name="test_create_evaluation_calculations" time="0.062" /><testcase classname="backend.tests.backend_test.TestCRM" name="test_ai_analysis" time="21.693" /><testcase classname="backend.tests.backend_test.TestCRM" name="test_ai_meal_plan" time="0.321"><failure message="AssertionError: Internal Server Error&#10;assert 500 == 200&#10; +  where 500 = &lt;Response [500]&gt;.status_code">backend/tests/backend_test.py:224: in test_ai_meal_plan
    assert r.status_code == 200, r.text
E   AssertionError: Internal Server Error
E   assert 500 == 200
E    +  where 500 = &lt;Response [500]&gt;.status_code</failure></testcase><testcase classname="backend.tests.backend_test.TestCRM" name="test_comparativo" time="0.047" /><testcase classname="backend.tests.backend_test.TestCRM" name="test_agenda" time="0.053" /><testcase classname="backend.tests.backend_test.TestCRM" name="test_logout" time="0.446" /></testsuite></testsuites>